Arguments: 
  C:\soft\nodeJS\node.exe C:\Users\MSI\AppData\Roaming\npm\node_modules\yarn\bin\yarn.js init

PATH: 
  C:\Windows\system32;C:\Windows;C:\Windows\System32\Wbem;C:\Windows\System32\WindowsPowerShell\v1.0\;C:\Windows\System32\OpenSSH\;C:\Program Files (x86)\NVIDIA Corporation\PhysX\Common;C:\soft\Git\cmd;C:\Program Files\NVIDIA Corporation\NVIDIA NvDLISR;C:\soft\nodeJS\;C:\soft\composer;C:\Users\MSI\scoop\shims;C:\Users\MSI\AppData\Local\Microsoft\WindowsApps;C:\soft\xampp\php;C:\skillboks-php-module\Module-16;C:\Users\MSI\AppData\Roaming\npm;C:\skillboks-php-module\Module-24\test_project;C:\Users\MSI\AppData\Roaming\Composer\vendor\bin;C:\soft\composer;

Yarn version: 
  1.22.19

Node version: 
  18.15.0

Platform: 
  win32 x64

Trace: 
  Error: canceled
      at Interface.<anonymous> (C:\Users\MSI\AppData\Roaming\npm\node_modules\yarn\lib\cli.js:137150:13)
      at Interface.emit (node:events:513:28)
      at [_ttyWrite] [as _ttyWrite] (node:internal/readline/interface:1131:18)
      at ReadStream.onkeypress (node:internal/readline/interface:270:20)
      at ReadStream.emit (node:events:513:28)
      at emitKeys (node:internal/readline/utils:357:14)
      at emitKeys.next (<anonymous>)
      at ReadStream.onData (node:internal/readline/emitKeypressEvents:64:36)
      at ReadStream.emit (node:events:513:28)
      at addChunk (node:internal/streams/readable:324:12)

npm manifest: 
  No manifest

yarn manifest: 
  No manifest

Lockfile: 
  # THIS IS AN AUTOGENERATED FILE. DO NOT EDIT THIS FILE DIRECTLY.
  # yarn lockfile v1
